************************************************
**  Witmem Program Tool for WTM2101 V1.4.0.0  **
**           Build Time: 2023.08.09           **
************************************************
Read Map File Start!  (2024-05-29 23:20:36)
414,404,-1,-1,	470,465,-1,-1,	400,392,-1,-1,	470,465,-1,-1,
401,392,-1,-1,	468,465,-1,-1,	401,391,-1,-1,	471,465,-1,-1,
402,391,-1,-1,	468,464,-1,-1,	397,390,-1,-1,	469,464,-1,-1,
401,391,-1,-1,	471,464,-1,-1,	401,391,-1,-1,	468,463,-1,-1,
399,390,-1,-1,	470,463,-1,-1,	399,390,-1,-1,	468,463,-1,-1,
400,389,-1,-1,	462,461,-1,-1,	400,390,-1,-1,	469,461,-1,-1,
399,389,-1,-1,	466,461,-1,-1,	402,389,-1,-1,	466,460,-1,-1,
397,388,-1,-1,	464,458,-1,-1,	399,387,-1,-1,	464,456,-1,-1,
4,22,4,2,	568,1,1,844,	275,1280,518,12157,	10544,451,1372,25,
7,36,-1976,255,	255,255,255,255,	255,255,255,255,	255,255,255,14194,
-1,-1,-1,-1,	-1,-1,-1,-1,	-1,-1,-1,-1,	-1,-1,-1,-1,
-1,-1,-1,-1,	-1,-1,-1,-1,	-1,-1,-1,-1,	-1,-1,-1,-1,
1400,1004,7,-9,	18,-1,31353,31619,	31875,31619,32130,31109,	31875,32131,31878,31619,
32132,31877,31876,31362,	31619,31619,-31875,-31621,	32120,-1,-1,-1,	-1,-1,-1,-2176,
6,78,79,32,	84,65,71,-1,	-1,-1,-1,-1,	-1,-1,-1,-1,
-1,-1,-1,-1,	-1,-1,-1,-1,	87,77,84,48,	49,48,49,0,2
Program Step 1 Start!  (2024-05-29 23:20:39)
s01 done  (2024-05-29 23:20:49)
s02 done  (2024-05-29 23:21:02)
Program Step 2 Start!  (2024-05-29 23:21:02)
>>>>>20%>>>>>>40%>>>>>60%>>>>>>80%>>>>>100%>
s03 done  (2024-05-29 23:23:26)
Program Step 3 Start!  (2024-05-29 23:23:26)
s08 done  (2024-05-29 23:23:31)
s07 done  (2024-05-29 23:23:34)

s08 done  (2024-05-29 23:23:42)
STAT START 0
0	5.36	2.66	8.28	1.97	0.81	0.01	6.00	0.01	0.97	0.28	0.9868
0	4.61	2.12	8.28	1.97	0.82	-0.00	0.00	0.00	0.97	0.32	0.9913
1	6.61	2.88	5.68	2.58	0.77	0.11	3.17	0.11	0.94	0.54	0.9858
1	6.71	2.58	5.68	2.58	0.88	-0.00	0.00	-0.00	0.94	0.41	0.9882
2	7.30	2.55	4.31	2.38	0.42	0.02	2.57	0.02	0.96	0.13	0.9904
2	7.20	2.21	4.31	2.38	0.44	-0.00	0.00	-0.00	0.96	0.11	0.9924
3	6.80	2.31	4.49	2.31	1.27	-0.03	3.71	-0.03	0.95	-0.03	0.9905
3	6.79	2.10	4.49	2.31	1.30	0.00	0.00	-0.00	0.96	-0.00	0.9916
4	5.03	2.64	3.33	2.28	0.81	0.03	4.73	0.03	0.95	0.26	0.9901
4	4.86	2.09	3.33	2.28	0.79	-0.00	0.00	-0.00	0.95	0.23	0.9934
5	5.76	2.36	3.50	2.25	1.31	0.42	2.67	0.42	0.96	0.68	0.9938
5	6.08	2.06	3.50	2.25	0.89	-0.00	0.00	-0.00	0.97	0.21	0.9951
6	15.00	3.51	6.85	4.11	2.72	0.25	2.33	0.25	0.90	0.77	0.9882
6	14.80	3.43	6.85	4.11	2.97	-0.00	0.00	-0.00	0.90	0.50	0.9887
7	16.40	5.87	11.29	6.74	6.16	-0.13	2.07	-0.13	0.90	2.29	0.9847
7	16.53	5.73	11.29	6.74	6.03	-0.00	0.00	-0.00	0.90	2.47	0.9851
8	4.81	2.82	7.46	2.39	1.22	0.31	4.72	0.31	1.01	0.38	0.9922
8	4.53	2.52	7.46	2.39	1.19	-0.00	0.00	-0.00	1.02	0.10	0.9939
9	5.74	3.46	10.18	2.52	1.15	0.61	7.54	0.61	1.01	0.71	0.9978
9	5.55	2.60	10.18	2.52	0.54	0.00	0.00	0.00	1.00	-0.02	0.9986
10	7.44	2.79	7.28	2.62	1.03	0.10	3.82	0.10	0.93	-0.16	0.9897
10	7.67	2.49	7.28	2.62	0.95	-0.00	0.00	-0.00	0.94	-0.21	0.9904
11	6.88	3.16	7.04	2.97	1.03	0.63	4.01	0.63	0.96	0.58	0.9897
11	6.64	2.86	7.04	2.97	1.27	0.00	0.00	0.00	0.96	-0.05	0.9914
12	9.72	4.52	8.22	3.84	1.78	0.20	6.95	0.20	0.95	0.18	0.9931
12	9.09	3.78	8.22	3.84	1.97	0.00	0.00	0.00	0.95	-0.02	0.9952
13	5.80	5.13	7.62	2.16	2.49	-1.66	38.25	-1.66	0.95	0.37	0.9979
13	3.89	2.38	7.62	2.16	0.83	0.00	0.00	-0.00	0.99	0.23	0.9994
14	12.00	8.56	16.78	8.32	1.69	0.10	6.72	0.10	0.88	-0.01	0.9809
14	11.90	8.35	16.78	8.32	1.59	-0.00	0.00	-0.00	0.88	-0.10	0.9812
15	3.71	2.89	7.96	2.42	1.03	0.34	5.97	0.34	0.97	0.16	0.9945
15	3.57	2.63	7.96	2.42	0.69	-0.00	0.00	0.00	0.98	-0.16	0.9954
16	3.92	2.61	4.08	1.87	2.11	1.66	7.00	1.66	1.01	1.71	0.9889
16	3.63	1.86	4.08	1.87	1.02	0.00	0.00	0.00	1.02	0.14	0.9961
17	5.05	2.59	3.54	1.64	1.18	0.08	6.55	0.08	1.00	0.08	0.9943
17	4.49	1.57	3.54	1.64	1.26	0.00	0.00	0.00	1.01	0.13	0.9978
18	4.48	2.02	3.68	1.78	1.27	0.08	2.96	0.08	1.01	0.08	0.9973
18	4.35	1.66	3.68	1.78	1.35	-0.00	0.00	-0.00	1.01	0.00	0.9980
19	12.03	2.24	6.12	2.96	10.31	0.76	3.17	0.76	0.91	-0.36	0.9933
19	11.18	1.94	6.12	2.96	9.55	0.00	0.00	0.00	0.93	-0.87	0.9931
STAT END 0

Refine: 2/2 ...

Program Step 1 Start!  (2024-05-29 23:23:42)
s01 done  (2024-05-29 23:23:51)
s02 done  (2024-05-29 23:24:02)
Program Step 2 Start!  (2024-05-29 23:24:02)
>>>>>20%>>>>>>40%>>>>>60%>>>>>>80%>>>>>100%>
s03 done  (2024-05-29 23:26:20)
Program Step 3 Start!  (2024-05-29 23:26:20)
s07 done  (2024-05-29 23:26:21)
s08 done  (2024-05-29 23:26:26)
s07 done  (2024-05-29 23:26:30)
s08 done  (2024-05-29 23:26:35)
s07 done  (2024-05-29 23:26:39)

s08 done  (2024-05-29 23:26:46)
STAT START 1
0	4.99	2.54	9.01	1.99	0.92	-0.09	7.57	-0.09	1.00	-0.05	0.9882
0	4.59	2.19	9.01	1.99	0.83	-0.00	0.00	-0.00	0.99	0.08	0.9909
1	4.92	2.69	5.55	2.45	0.76	-0.03	3.86	-0.03	1.00	-0.05	0.9878
1	4.86	2.50	5.55	2.45	0.73	0.00	0.00	0.00	1.00	-0.02	0.9893
2	6.66	2.22	3.68	2.25	0.54	0.16	1.92	0.16	1.00	0.15	0.9927
2	6.61	2.13	3.68	2.25	0.47	-0.00	0.00	-0.00	1.00	-0.01	0.9932
3	5.81	2.22	4.44	2.26	1.26	0.08	1.88	0.08	1.00	0.08	0.9915
3	5.68	2.14	4.44	2.26	1.18	-0.00	0.00	-0.00	1.00	0.00	0.9920
4	4.34	2.14	3.22	2.14	0.70	-0.01	2.83	-0.01	1.00	-0.00	0.9931
4	4.18	2.03	3.22	2.14	0.70	-0.00	0.00	-0.00	1.00	-0.00	0.9937
5	4.89	2.15	3.41	2.21	1.41	0.01	1.53	0.01	1.00	-0.02	0.9950
5	4.91	2.09	3.41	2.21	1.40	-0.00	0.00	-0.00	1.00	-0.02	0.9952
6	12.97	3.24	6.42	3.63	2.86	0.02	1.37	0.02	0.99	0.06	0.9892
6	12.97	3.20	6.42	3.63	2.87	0.00	0.00	0.00	0.99	0.04	0.9894
7	15.29	6.12	10.76	6.71	5.80	-0.06	3.14	-0.06	0.99	0.24	0.9846
7	15.13	6.09	10.76	6.71	5.74	-0.00	0.00	-0.00	0.99	0.28	0.9848
8	4.86	2.48	7.34	2.25	1.14	0.18	2.99	0.18	1.00	0.19	0.9937
8	4.74	2.34	7.34	2.25	1.20	0.00	0.00	0.00	1.00	0.01	0.9944
9	4.57	2.59	5.27	2.21	0.47	-0.12	4.45	-0.12	1.00	-0.12	0.9988
9	4.23	2.25	5.27	2.21	0.36	-0.00	0.00	-0.00	1.00	-0.03	0.9991
10	6.20	2.32	4.40	2.34	0.71	0.01	1.47	0.01	0.98	-0.05	0.9924
10	6.27	2.23	4.40	2.34	0.72	-0.00	0.00	-0.00	0.98	-0.06	0.9927
11	5.60	2.87	6.17	2.82	0.89	0.02	2.85	0.02	0.99	0.01	0.9919
11	5.49	2.78	6.17	2.82	0.92	-0.00	0.00	-0.00	0.99	-0.01	0.9923
12	7.01	3.81	6.97	3.28	1.61	0.15	9.28	0.15	1.01	0.15	0.9951
12	6.66	3.31	6.97	3.28	1.46	-0.00	0.00	-0.00	1.00	0.00	0.9962
13	3.94	3.21	7.99	1.75	1.17	-0.26	19.00	-0.26	0.99	0.15	0.9990
13	3.36	1.85	7.99	1.75	0.90	-0.00	0.00	0.00	1.00	0.09	0.9996
14	11.08	7.50	14.46	7.17	1.56	0.28	14.90	0.28	0.97	0.26	0.9826
14	10.85	7.25	14.46	7.17	1.33	0.00	0.00	-0.00	0.97	-0.03	0.9836
15	3.29	2.53	6.74	2.25	0.51	0.08	3.00	0.08	0.99	0.02	0.9959
15	3.22	2.43	6.74	2.25	0.43	0.00	0.00	0.00	1.00	-0.03	0.9961
16	3.20	1.94	3.68	1.68	0.82	-0.04	6.04	-0.04	1.00	-0.02	0.9956
16	2.95	1.67	3.68	1.68	0.78	-0.00	0.00	-0.00	1.00	0.02	0.9967
17	4.82	2.02	3.13	1.56	0.69	0.15	6.83	0.15	1.00	0.17	0.9964
17	4.69	1.49	3.13	1.56	0.74	0.00	0.00	0.00	1.00	0.01	0.9979
18	4.32	1.68	2.73	1.65	1.65	0.00	2.03	0.00	1.00	0.00	0.9980
18	4.20	1.52	2.73	1.65	1.65	-0.00	0.00	-0.00	1.00	0.00	0.9983
19	10.33	2.15	5.57	2.80	8.19	0.19	1.76	0.19	0.96	-0.26	0.9931
19	10.34	2.03	5.57	2.80	8.00	-0.00	0.00	-0.00	0.96	-0.48	0.9934
STAT END 1
Tag: XCEN0100
Program Finished!  (2024-05-29 23:26:47)
Total program time: 371 sec.
