************************************************
**  Witmem Program Tool for WTM2101 V1.3.2.1  **
**           Build Time: 2023.08.09           **
************************************************
Read Map File Start!  (2023-09-22 20:28:37)
427,250,3500,0,	329,250,3500,0,	419,250,3500,0,	331,250,3500,0,
418,250,3500,0,	329,250,3500,0,	415,250,3500,0,	328,250,3500,0,
418,250,3500,0,	331,250,3500,0,	417,250,3500,0,	330,250,3500,0,
420,250,3500,0,	329,250,3500,0,	417,250,3500,0,	330,250,3500,0,
421,250,3500,0,	328,250,3500,0,	418,250,3500,0,	327,250,3500,0,
414,250,3500,0,	326,250,3500,0,	415,250,3500,0,	328,250,3500,0,
418,250,3500,0,	327,250,3500,0,	416,250,3500,0,	327,250,3500,0,
413,250,3500,0,	323,250,3500,0,	412,250,3500,0,	321,250,3500,0,
5,18,4,11,	-1,-1,-1,-1,	-1,-1,-1,-1,	-1,-1,-1,-1,
-1,-1,-6537,-1,	-1,-1,-1,-1,	-1,-1,-1,-1,	-1,-1,-1,-24775,
-1,-1,-1,-1,	-1,-1,-1,-1,	-1,-1,-1,-1,	-1,-1,-1,-1,
-1,-1,-1,-1,	-1,-1,-1,-1,	-1,-1,-1,-1,	-1,-1,-1,-1,
1321,887,-3,9,	20,-1,29553,28782,	28784,28784,28787,28529,	29039,28784,28785,28526,
28528,28527,28785,28783,	29040,29553,-31870,-31360,	-1,-1,-1,-1,	-1,-1,-1,10776,
-1,-1,-1,-1,	-1,-1,-1,-1,	-1,-1,-1,-1,	-1,-1,-1,-1,
-1,-1,-1,-1,	-1,-1,-1,-1,	-1,-1,-1,-1,	-1,-1,-1,-1,0
Program Step 1 Start!  (2023-09-22 20:28:38)
s01 done  (2023-09-22 20:28:48)
s02 done  (2023-09-22 20:29:01)
Program Step 2 Start!  (2023-09-22 20:29:01)
>>>>>20%>>>>>>40%>>>>>60%>>>>>>80%>>>>>100%>
s03 done  (2023-09-22 20:30:12)
Program Step 3 Start!  (2023-09-22 20:30:12)
s08 done  (2023-09-22 20:30:14)
s07 done  (2023-09-22 20:30:17)

s08 done  (2023-09-22 20:30:22)
STAT START 0
0	14.10	5.71	29.51	5.27	7.54	1.18	10.33	1.18	0.97	-1.97	0.9980
0	13.21	5.47	29.51	5.27	7.78	0.00	0.00	-0.00	0.97	-3.50	0.9982
1	1.83	1.60	1.86	0.76	0.38	0.09	6.49	0.09	1.00	0.08	0.9753
1	1.07	0.76	1.86	0.76	0.29	-0.00	0.00	-0.00	0.99	-0.02	0.9940
2	1.79	1.53	2.34	0.93	0.76	0.12	7.52	0.12	1.03	0.18	0.9686
2	1.19	0.93	2.34	0.93	0.64	0.00	0.00	0.00	1.04	0.07	0.9882
3	2.52	1.91	2.86	1.04	0.59	-0.11	8.99	-0.11	0.89	-0.32	0.9590
3	1.70	1.06	2.86	1.04	0.62	0.00	0.00	0.00	0.89	-0.20	0.9899
4	2.30	1.60	3.26	1.01	1.00	0.41	11.84	0.41	0.88	0.27	0.9712
4	1.80	1.05	3.26	1.01	0.59	-0.00	0.00	-0.00	0.89	-0.13	0.9903
5	2.22	1.91	1.74	0.88	0.74	0.09	8.92	0.09	0.96	0.03	0.9595
5	1.29	0.87	1.74	0.88	0.65	0.00	0.00	0.00	0.98	-0.03	0.9909
6	2.15	1.92	1.76	0.82	0.82	0.37	9.61	0.37	0.98	0.34	0.9495
6	1.09	0.82	1.76	0.82	0.45	0.00	0.00	0.00	0.99	-0.01	0.9903
7	1.40	1.19	1.05	0.72	0.44	0.18	3.06	0.18	0.97	0.16	0.9506
7	0.95	0.72	1.05	0.72	0.26	0.00	0.00	0.00	0.97	-0.02	0.9814
8	1.50	0.49	0.79	0.73	1.00	-0.11	0.42	-0.11	1.05	-0.10	0.9838
8	1.31	0.50	0.79	0.73	1.11	0.00	0.00	0.00	1.03	0.01	0.9853
STAT END 0

Refine: 2/2 ...

Program Step 1 Start!  (2023-09-22 20:30:22)
s01 done  (2023-09-22 20:30:32)
s02 done  (2023-09-22 20:30:45)
Program Step 2 Start!  (2023-09-22 20:30:45)
>>>>>20%>>>>>>40%>>>>>60%>>>>>>80%>>>>>100%>
s03 done  (2023-09-22 20:31:57)
Program Step 3 Start!  (2023-09-22 20:31:57)
s08 done  (2023-09-22 20:31:59)
s07 done  (2023-09-22 20:32:02)
s08 done  (2023-09-22 20:32:04)
s07 done  (2023-09-22 20:32:07)
s08 done  (2023-09-22 20:32:09)
s07 done  (2023-09-22 20:32:11)

s08 done  (2023-09-22 20:32:16)
STAT START 1
0	14.83	9.47	74.11	4.73	8.30	0.81	99.22	0.81	0.96	-3.89	0.9963
0	18.37	5.75	74.11	4.73	9.11	-0.00	0.00	-0.00	0.96	-4.32	0.9978
1	1.44	1.23	1.98	0.77	0.47	-0.20	5.78	-0.20	1.00	-0.19	0.9855
1	1.11	0.78	1.98	0.77	0.27	-0.00	0.00	0.00	1.00	0.01	0.9939
2	1.50	1.25	1.67	0.80	0.61	-0.05	6.60	-0.05	0.99	-0.08	0.9775
2	1.12	0.78	1.67	0.80	0.66	-0.00	0.00	-0.00	0.99	-0.02	0.9905
3	1.71	1.48	3.55	0.78	0.61	-0.10	8.87	-0.10	1.00	-0.11	0.9770
3	1.10	0.80	3.55	0.78	0.51	0.00	0.00	0.00	0.99	-0.01	0.9928
4	1.44	1.25	1.46	0.75	0.46	0.02	4.37	0.02	1.00	0.02	0.9834
4	1.00	0.75	1.46	0.75	0.44	0.00	0.00	-0.00	1.00	-0.00	0.9937
5	1.81	1.61	1.49	0.81	0.45	-0.10	16.17	-0.10	1.00	-0.10	0.9725
5	1.16	0.80	1.49	0.81	0.48	0.00	0.00	0.00	1.00	-0.00	0.9926
6	1.63	1.42	1.39	0.77	0.34	-0.04	7.65	-0.04	1.00	-0.05	0.9734
6	1.02	0.77	1.39	0.77	0.29	-0.00	0.00	0.00	0.99	-0.01	0.9917
7	1.37	1.19	1.06	0.67	0.50	-0.22	3.25	-0.22	0.99	-0.23	0.9530
7	0.86	0.67	1.06	0.67	0.32	0.00	0.00	-0.00	0.99	-0.01	0.9842
8	2.50	1.04	0.70	0.67	1.00	0.30	1.34	0.30	0.90	0.28	0.9499
8	1.46	0.41	0.70	0.67	0.80	-0.00	0.00	-0.00	0.96	-0.01	0.9864
STAT END 1
Tag: NO TAG
Program Finished!  (2023-09-22 20:32:17)
Total program time: 220 sec.
